C:\Program Files (x86)\Microsoft Visual Studio\2017\Community\Common7\IDE\VC\VCTargets\Microsoft.CppBuild.targets(377,5): warning MSB8004: Output Directory does not end with a trailing slash.  This build instance will add the slash as it is required to allow proper evaluation of the Output Directory.
  CheckRouteFound.c
  DSR.c
c:\users\tetcos-pc\desktop\dynamic_clustering_v11.0\64bit\code\dsr\dsr.c(40): warning C4013: 'fn_NetSim_Dynamic_Clustering_Init' undefined; assuming extern returning int
c:\users\tetcos-pc\desktop\dynamic_clustering_v11.0\64bit\code\dsr\dsr.c(169): warning C4013: 'fn_NetSim_dynamic_clustering_run' undefined; assuming extern returning int
  Dynamic_Clustering.c
c:\users\tetcos-pc\desktop\dynamic_clustering_v11.0\64bit\code\dsr\dynamic_clustering.c(58): warning C4013: 'fn_NetSim_dynamic_clustering_IdentifyCluster' undefined; assuming extern returning int
c:\users\tetcos-pc\desktop\dynamic_clustering_v11.0\64bit\code\dsr\dynamic_clustering.c(54): warning C4101: 'i': unreferenced local variable
c:\users\tetcos-pc\desktop\dynamic_clustering_v11.0\64bit\code\dsr\dynamic_clustering.c(51): warning C4101: 'nInterface': unreferenced local variable
c:\users\tetcos-pc\desktop\dynamic_clustering_v11.0\64bit\code\dsr\dynamic_clustering.c(111): warning C4244: '=': conversion from 'double' to 'int', possible loss of data
c:\users\tetcos-pc\desktop\dynamic_clustering_v11.0\64bit\code\dsr\dynamic_clustering.c(122): warning C4244: '=': conversion from 'double' to 'int', possible loss of data
c:\users\tetcos-pc\desktop\dynamic_clustering_v11.0\64bit\code\dsr\dynamic_clustering.c(129): warning C4018: '<': signed/unsigned mismatch
  MaintBuffer.c
  MATLAB_Interface.c
c:\program files (x86)\microsoft visual studio\2017\community\vc\tools\msvc\14.13.26128\include\stdbool.h(16): warning C4005: 'false': macro redefinition
  c:\program files\matlab\r2016a\extern\include\tmwtypes.h(761): note: see previous definition of 'false'
c:\program files (x86)\microsoft visual studio\2017\community\vc\tools\msvc\14.13.26128\include\stdbool.h(17): warning C4005: 'true': macro redefinition
  c:\program files\matlab\r2016a\extern\include\tmwtypes.h(764): note: see previous definition of 'true'
c:\users\tetcos-pc\desktop\dynamic_clustering_v11.0\64bit\code\include\main.h(212): warning C4005: 'printf': macro redefinition
  c:\program files\matlab\r2016a\extern\include\mex.h(190): note: see previous definition of 'printf'
c:\users\tetcos-pc\desktop\dynamic_clustering_v11.0\64bit\code\dsr\matlab_interface.c(45): error C4996: 'sprintf': This function or variable may be unsafe. Consider using sprintf_s instead. To disable deprecation, use _CRT_SECURE_NO_WARNINGS. See online help for details.
  c:\program files (x86)\windows kits\10\include\10.0.16299.0\ucrt\stdio.h(1772): note: see declaration of 'sprintf'
c:\users\tetcos-pc\desktop\dynamic_clustering_v11.0\64bit\code\dsr\matlab_interface.c(101): warning C4013: 'fn_netsim_dynamic_form_clusters' undefined; assuming extern returning int
c:\users\tetcos-pc\desktop\dynamic_clustering_v11.0\64bit\code\dsr\matlab_interface.c(102): warning C4013: 'fn_netsim_assign_cluster_heads' undefined; assuming extern returning int
c:\users\tetcos-pc\desktop\dynamic_clustering_v11.0\64bit\code\dsr\matlab_interface.c(88): error C4996: 'sprintf': This function or variable may be unsafe. Consider using sprintf_s instead. To disable deprecation, use _CRT_SECURE_NO_WARNINGS. See online help for details.
  c:\program files (x86)\windows kits\10\include\10.0.16299.0\ucrt\stdio.h(1772): note: see declaration of 'sprintf'
  Network_Layer_Ack.c
  PacketProcessing.c
c:\users\tetcos-pc\desktop\dynamic_clustering_v11.0\64bit\code\dsr\packetprocessing.c(36): warning C4013: 'fn_NetSim_dynamic_clustering_GetNextHop' undefined; assuming extern returning int
  RouteCache.c
  RouteError.c
  RouteReply.c
  RouteRequest.c
  SendBuffer.c
  SourceRoute.c
c:\users\tetcos-pc\desktop\dynamic_clustering_v11.0\64bit\code\dsr\sourceroute.c(64): warning C4013: 'fn_NetSim_dynamic_clustering_CheckDestination' undefined; assuming extern returning int
  Generating Code...
c:\users\tetcos-pc\desktop\dynamic_clustering_v11.0\64bit\code\dsr\dynamic_clustering.c(103): warning C4716: 'fn_NetSim_dynamic_clustering_run': must return a value
c:\users\tetcos-pc\desktop\dynamic_clustering_v11.0\64bit\code\dsr\dynamic_clustering.c(115): warning C4716: 'fn_netsim_dynamic_form_clusters': must return a value
